Arguments: 
  /Users/craftydragon678/.nvm/versions/node/v12.18.3/bin/node /usr/local/Cellar/yarn/1.22.4/libexec/bin/yarn.js init

PATH: 
  /Users/craftydragon678/.cabal/bin:/Users/craftydragon678/.ghcup/bin:/Users/craftydragon678/Library/Android/sdk//platform-tools:/Users/craftydragon678/.cargo/bin:/Users/craftydragon678/go/bin:/usr/local/go/bin:/usr/local/opt/binutils/bin:/usr/local/opt/python@3.7/bin:/Users/craftydragon678/.nvm/versions/node/v12.18.3/bin:/usr/local/lib/ruby/gems/2.7.0/bin/:/usr/local/opt/ruby/bin:/Users/craftydragon678/.asdf/shims:/usr/local/opt/asdf/bin:/Users/craftydragon678/.cargo/bin:/usr/local/bin:/usr/bin:/bin:/usr/sbin:/sbin:/Library/TeX/texbin:/usr/local/go/bin:/usr/local/MacGPG2/bin:/Library/Apple/usr/bin

Yarn version: 
  1.22.4

Node version: 
  12.18.3

Platform: 
  darwin x64

Trace: 
  Error: canceled
      at Interface.<anonymous> (/usr/local/Cellar/yarn/1.22.4/libexec/lib/cli.js:137008:13)
      at Interface.emit (events.js:315:20)
      at Interface._ttyWrite (readline.js:868:16)
      at ReadStream.onkeypress (readline.js:205:10)
      at ReadStream.emit (events.js:315:20)
      at emitKeys (internal/readline/utils.js:335:14)
      at emitKeys.next (<anonymous>)
      at ReadStream.onData (readline.js:1137:36)
      at ReadStream.emit (events.js:315:20)
      at addChunk (_stream_readable.js:295:12)

npm manifest: 
  No manifest

yarn manifest: 
  No manifest

Lockfile: 
  No lockfile
